0 info it worked if it ends with ok
1 verbose cli [ '/usr/local/bin/node',
1 verbose cli   '/usr/local/bin/npm',
1 verbose cli   'install',
1 verbose cli   '-g',
1 verbose cli   'yo' ]
2 info using npm@2.14.7
3 info using node@v4.2.2
4 verbose install initial load of /usr/local/lib/package.json
5 verbose readDependencies loading dependencies from /usr/local/lib/package.json
6 silly cache add args [ 'yo', null ]
7 verbose cache add spec yo
8 silly cache add parsed spec Result {
8 silly cache add   raw: 'yo',
8 silly cache add   scope: null,
8 silly cache add   name: 'yo',
8 silly cache add   rawSpec: '',
8 silly cache add   spec: '*',
8 silly cache add   type: 'range' }
9 silly addNamed yo@*
10 verbose addNamed "*" is a valid semver range for yo
11 silly addNameRange { name: 'yo', range: '*', hasData: false }
12 silly mapToRegistry name yo
13 silly mapToRegistry using default registry
14 silly mapToRegistry registry https://registry.npmjs.org/
15 silly mapToRegistry uri https://registry.npmjs.org/yo
16 verbose addNameRange registry:https://registry.npmjs.org/yo not in flight; fetching
17 verbose request uri https://registry.npmjs.org/yo
18 verbose request no auth needed
19 info attempt registry request try #1 at 14:13:50
20 verbose request id 4b0c71db658ca5af
21 verbose etag "8IJ1W1C5UZ7WOYLOZEZ8GMRLU"
22 http request GET https://registry.npmjs.org/yo
23 http 200 https://registry.npmjs.org/yo
24 verbose headers { server: 'CouchDB/1.5.0 (Erlang OTP/R16B03)',
24 verbose headers   etag: '"33R4G0NH8B0NE5Q9LBR65B1P1"',
24 verbose headers   'content-type': 'application/json',
24 verbose headers   'cache-control': 'max-age=300',
24 verbose headers   'content-length': '41988',
24 verbose headers   'accept-ranges': 'bytes',
24 verbose headers   date: 'Mon, 28 Dec 2015 13:13:51 GMT',
24 verbose headers   via: '1.1 varnish',
24 verbose headers   age: '203',
24 verbose headers   connection: 'keep-alive',
24 verbose headers   'x-served-by': 'cache-fra1241-FRA',
24 verbose headers   'x-cache': 'HIT',
24 verbose headers   'x-cache-hits': '120',
24 verbose headers   'x-timer': 'S1451308431.250630,VS0,VE0',
24 verbose headers   vary: 'Accept' }
25 silly get cb [ 200,
25 silly get   { server: 'CouchDB/1.5.0 (Erlang OTP/R16B03)',
25 silly get     etag: '"33R4G0NH8B0NE5Q9LBR65B1P1"',
25 silly get     'content-type': 'application/json',
25 silly get     'cache-control': 'max-age=300',
25 silly get     'content-length': '41988',
25 silly get     'accept-ranges': 'bytes',
25 silly get     date: 'Mon, 28 Dec 2015 13:13:51 GMT',
25 silly get     via: '1.1 varnish',
25 silly get     age: '203',
25 silly get     connection: 'keep-alive',
25 silly get     'x-served-by': 'cache-fra1241-FRA',
25 silly get     'x-cache': 'HIT',
25 silly get     'x-cache-hits': '120',
25 silly get     'x-timer': 'S1451308431.250630,VS0,VE0',
25 silly get     vary: 'Accept' } ]
26 verbose get saving yo to /Users/Samuel/.npm/registry.npmjs.org/yo/.cache.json
27 silly addNameRange number 2 { name: 'yo', range: '*', hasData: true }
28 silly addNameRange versions [ 'yo',
28 silly addNameRange   [ '1.1.0',
28 silly addNameRange     '1.1.1',
28 silly addNameRange     '1.1.2',
28 silly addNameRange     '1.2.0',
28 silly addNameRange     '1.2.1',
28 silly addNameRange     '1.3.0',
28 silly addNameRange     '1.3.2',
28 silly addNameRange     '1.3.3',
28 silly addNameRange     '1.4.1',
28 silly addNameRange     '1.4.2',
28 silly addNameRange     '1.4.4',
28 silly addNameRange     '1.4.5',
28 silly addNameRange     '1.4.6',
28 silly addNameRange     '1.4.7',
28 silly addNameRange     '1.4.8',
28 silly addNameRange     '1.5.0',
28 silly addNameRange     '1.5.1' ] ]
29 silly addNamed yo@1.5.1
30 verbose addNamed "1.5.1" is a plain semver version for yo
31 silly mapToRegistry name yo
32 silly mapToRegistry using default registry
33 silly mapToRegistry registry https://registry.npmjs.org/
34 silly mapToRegistry uri https://registry.npmjs.org/yo
35 verbose addRemoteTarball https://registry.npmjs.org/yo/-/yo-1.5.1.tgz not in flight; adding
36 verbose addRemoteTarball [ 'https://registry.npmjs.org/yo/-/yo-1.5.1.tgz',
36 verbose addRemoteTarball   '5b21b5044d9a4828732e9b6845a463d761c80479' ]
37 info retry fetch attempt 1 at 14:13:51
38 info attempt registry request try #1 at 14:13:51
39 http fetch GET https://registry.npmjs.org/yo/-/yo-1.5.1.tgz
40 http fetch 200 https://registry.npmjs.org/yo/-/yo-1.5.1.tgz
41 silly fetchAndShaCheck shasum 5b21b5044d9a4828732e9b6845a463d761c80479
42 verbose addTmpTarball /var/folders/jh/hxlbzgj970j9gf_hkb35gtj80000gn/T/npm-16305-a0533b50/registry.npmjs.org/yo/-/yo-1.5.1.tgz not in flight; adding
43 verbose addTmpTarball already have metadata; skipping unpack for yo@1.5.1
44 silly cache afterAdd yo@1.5.1
45 verbose afterAdd /Users/Samuel/.npm/yo/1.5.1/package/package.json not in flight; writing
46 verbose afterAdd /Users/Samuel/.npm/yo/1.5.1/package/package.json written
47 silly install resolved [ { name: 'yo',
47 silly install resolved     version: '1.5.1',
47 silly install resolved     description: 'CLI tool for running Yeoman generators',
47 silly install resolved     license: 'BSD-2-Clause',
47 silly install resolved     repository: { type: 'git', url: 'git+https://github.com/yeoman/yo.git' },
47 silly install resolved     author: { name: 'Yeoman' },
47 silly install resolved     bin: { yo: 'lib/cli.js' },
47 silly install resolved     engines: { node: '>=0.12.0' },
47 silly install resolved     scripts:
47 silly install resolved      { test: 'xo && mocha test/**/*.js',
47 silly install resolved        postinstall: 'yodoctor',
47 silly install resolved        postupdate: 'yodoctor',
47 silly install resolved        prepublish: 'nsp check' },
47 silly install resolved     files: [ 'lib' ],
47 silly install resolved     keywords:
47 silly install resolved      [ 'cli-app',
47 silly install resolved        'cli',
47 silly install resolved        'front-end',
47 silly install resolved        'development',
47 silly install resolved        'dev',
47 silly install resolved        'build',
47 silly install resolved        'web',
47 silly install resolved        'tool',
47 silly install resolved        'scaffold',
47 silly install resolved        'stack',
47 silly install resolved        'yeoman',
47 silly install resolved        'generator',
47 silly install resolved        'generate',
47 silly install resolved        'app',
47 silly install resolved        'boilerplate' ],
47 silly install resolved     dependencies:
47 silly install resolved      { async: '^1.0.0',
47 silly install resolved        chalk: '^1.0.0',
47 silly install resolved        configstore: '^1.0.0',
47 silly install resolved        'cross-spawn-async': '^2.0.0',
47 silly install resolved        figures: '^1.3.5',
47 silly install resolved        fullname: '^2.0.0',
47 silly install resolved        got: '^5.0.0',
47 silly install resolved        'humanize-string': '^1.0.0',
47 silly install resolved        inquirer: '^0.11.0',
47 silly install resolved        insight: '^0.7.0',
47 silly install resolved        lodash: '^3.2.0',
47 silly install resolved        meow: '^3.0.0',
47 silly install resolved        'npm-keyword': '^4.1.0',
47 silly install resolved        opn: '^3.0.2',
47 silly install resolved        'package-json': '^2.1.0',
47 silly install resolved        'read-pkg-up': '^1.0.1',
47 silly install resolved        repeating: '^2.0.0',
47 silly install resolved        'root-check': '^1.0.0',
47 silly install resolved        'sort-on': '^1.0.0',
47 silly install resolved        'string-length': '^1.0.0',
47 silly install resolved        titleize: '^1.0.0',
47 silly install resolved        'update-notifier': '^0.5.0',
47 silly install resolved        'user-home': '^2.0.0',
47 silly install resolved        'yeoman-character': '^1.0.0',
47 silly install resolved        'yeoman-doctor': '^2.0.0',
47 silly install resolved        'yeoman-environment': '^1.2.7',
47 silly install resolved        yosay: '^1.0.0' },
47 silly install resolved     devDependencies:
47 silly install resolved      { mocha: '^2.1.0',
47 silly install resolved        mockery: '^1.4.0',
47 silly install resolved        nock: '^2.0.1',
47 silly install resolved        nsp: '^2.2.0',
47 silly install resolved        proxyquire: '^1.0.1',
47 silly install resolved        'registry-url': '^3.0.0',
47 silly install resolved        sinon: '^1.12.1',
47 silly install resolved        xo: '*' },
47 silly install resolved     xo: { space: true, envs: [Object] },
47 silly install resolved     gitHead: '411b299fd18ff1790185c40df8c6661156aafd40',
47 silly install resolved     bugs: { url: 'https://github.com/yeoman/yo/issues' },
47 silly install resolved     homepage: 'https://github.com/yeoman/yo#readme',
47 silly install resolved     _id: 'yo@1.5.1',
47 silly install resolved     _shasum: '5b21b5044d9a4828732e9b6845a463d761c80479',
47 silly install resolved     _from: 'yo@*',
47 silly install resolved     _npmVersion: '3.5.3',
47 silly install resolved     _nodeVersion: '5.2.0',
47 silly install resolved     _npmUser: { name: 'sboudrias', email: 'admin@simonboudrias.com' },
47 silly install resolved     dist:
47 silly install resolved      { shasum: '5b21b5044d9a4828732e9b6845a463d761c80479',
47 silly install resolved        tarball: 'http://registry.npmjs.org/yo/-/yo-1.5.1.tgz' },
47 silly install resolved     maintainers:
47 silly install resolved      [ [Object],
47 silly install resolved        [Object],
47 silly install resolved        [Object],
47 silly install resolved        [Object],
47 silly install resolved        [Object],
47 silly install resolved        [Object],
47 silly install resolved        [Object] ],
47 silly install resolved     directories: {},
47 silly install resolved     _resolved: 'https://registry.npmjs.org/yo/-/yo-1.5.1.tgz' } ]
48 info install yo@1.5.1 into /usr/local/lib
49 info installOne yo@1.5.1
50 verbose installOne of yo to /usr/local/lib not in flight; installing
51 verbose lock using /Users/Samuel/.npm/_locks/yo-c80abb7e04f27e35.lock for /usr/local/lib/node_modules/yo
52 silly install write writing yo 1.5.1 to /usr/local/lib/node_modules/yo
53 verbose unbuild lib/node_modules/yo
54 info preuninstall yo@1.5.0
55 info uninstall yo@1.5.0
56 verbose unbuild rmStuff yo@1.5.0 from /usr/local/lib/node_modules
57 silly gentlyRm /usr/local/bin/yo is being gently removed
58 silly gentlyRm verifying /usr/local is an npm working directory
59 silly gentlyRm containing path /usr/local is under npm's control, in /usr/local
60 silly gentlyRm deletion target /usr/local/bin/yo is under /usr/local
61 verbose gentlyRm vacuuming from /usr/local/bin/yo up to /usr/local
62 silly vacuum-fs removing /usr/local/bin/yo
63 silly vacuum-fs quitting because other entries in /usr/local/bin
64 info postuninstall yo@1.5.0
65 silly gentlyRm /usr/local/lib/node_modules/yo is being purged from base /usr/local
66 verbose gentlyRm don't care about contents; nuking /usr/local/lib/node_modules/yo
67 silly vacuum-fs purging /usr/local/lib/node_modules/yo
68 verbose unlock done using /Users/Samuel/.npm/_locks/yo-c80abb7e04f27e35.lock for /usr/local/lib/node_modules/yo
69 verbose stack Error: EACCES: permission denied, rmdir '/usr/local/lib/node_modules/yo'
69 verbose stack     at Error (native)
70 verbose cwd /Users/Samuel/DATA/Localhost/avocados
71 error Darwin 15.2.0
72 error argv "/usr/local/bin/node" "/usr/local/bin/npm" "install" "-g" "yo"
73 error node v4.2.2
74 error npm  v2.14.7
75 error path /usr/local/lib/node_modules/yo
76 error code EACCES
77 error errno -13
78 error syscall rmdir
79 error Error: EACCES: permission denied, rmdir '/usr/local/lib/node_modules/yo'
79 error     at Error (native)
79 error  { [Error: EACCES: permission denied, rmdir '/usr/local/lib/node_modules/yo']
79 error   errno: -13,
79 error   code: 'EACCES',
79 error   syscall: 'rmdir',
79 error   path: '/usr/local/lib/node_modules/yo' }
80 error Please try running this command again as root/Administrator.
81 verbose exit [ -13, true ]
82 verbose unbuild lib/node_modules/yo
83 info preuninstall yo@1.5.0
84 info uninstall yo@1.5.0
85 verbose unbuild rmStuff yo@1.5.0 from /usr/local/lib/node_modules
86 silly gentlyRm /usr/local/bin/yo is being gently removed
87 silly gentlyRm verifying /usr/local is an npm working directory
88 silly gentlyRm containing path /usr/local is under npm's control, in /usr/local
89 silly gentlyRm deletion target /usr/local/bin/yo is under /usr/local
90 verbose gentlyRm vacuuming from /usr/local/bin/yo up to /usr/local
91 info postuninstall yo@1.5.0
92 silly gentlyRm /usr/local/lib/node_modules/yo is being purged from base /usr/local
93 verbose gentlyRm don't care about contents; nuking /usr/local/lib/node_modules/yo
94 silly vacuum-fs purging /usr/local/lib/node_modules/yo
95 error error rolling back Error: EACCES: permission denied, rmdir '/usr/local/lib/node_modules/yo'
95 error error rolling back     at Error (native)
95 error error rolling back  { [Error: EACCES: permission denied, rmdir '/usr/local/lib/node_modules/yo']
95 error error rolling back   errno: -13,
95 error error rolling back   code: 'EACCES',
95 error error rolling back   syscall: 'rmdir',
95 error error rolling back   path: '/usr/local/lib/node_modules/yo' }
